<?xml version="1.0" encoding="UTF-8" standalone="yes"?><!DOCTYPE report PUBLIC "-//JACOCO//DTD Report 1.1//EN" "report.dtd"><report name="simonworks-model"><sessioninfo id="MBP-di-Simone-2.wind3.hub-2890ae62" start="1626330574700" dump="1626330575545"/><sessioninfo id="MBP-di-Simone-2.wind3.hub-52ac27c6" start="1626333351450" dump="1626333352500"/><sessioninfo id="MBP-di-Simone-2.wind3.hub-7373b388" start="1626632579130" dump="1626632580068"/><sessioninfo id="MBP-di-Simone-2.wind3.hub-f80aa031" start="1626632625628" dump="1626632626718"/><sessioninfo id="MBP-di-Simone-2.wind3.hub-c7d1446b" start="1626685609279" dump="1626685610352"/><sessioninfo id="MBP-di-Simone-2.wind3.hub-a2d82312" start="1626712459559" dump="1626712460376"/><sessioninfo id="MBP-di-Simone-2.wind3.hub-6641f6b7" start="1626970988167" dump="1626970989135"/><sessioninfo id="MBP-di-Simone-2.wind3.hub-dadd1c6f" start="1626971339260" dump="1626971340263"/><sessioninfo id="MBP-di-Simone-2.wind3.hub-6780cdf2" start="1627042247961" dump="1627042248989"/><sessioninfo id="MBP-di-Simone-2.wind3.hub-a0dd62d3" start="1627111308720" dump="1627111309679"/><sessioninfo id="MBP-di-Simone-2.wind3.hub-d7706ad0" start="1627117433615" dump="1627117434600"/><sessioninfo id="MBP-di-Simone-2.wind3.hub-e8917fb" start="1627151005041" dump="1627151006155"/><package name="org/simonworks/projects/model"><class name="org/simonworks/projects/model/AbstractModel" sourcefilename="AbstractModel.java"><method name="&lt;init&gt;" desc="()V" line="16"><counter type="INSTRUCTION" missed="3" covered="0"/><counter type="LINE" missed="1" covered="0"/><counter type="COMPLEXITY" missed="1" covered="0"/><counter type="METHOD" missed="1" covered="0"/></method><method name="&lt;init&gt;" desc="(Ljava/lang/Object;)V" line="18"><counter type="INSTRUCTION" missed="0" covered="6"/><counter type="LINE" missed="0" covered="3"/><counter type="COMPLEXITY" missed="0" covered="1"/><counter type="METHOD" missed="0" covered="1"/></method><method name="getId" desc="()Ljava/lang/Object;" line="24"><counter type="INSTRUCTION" missed="0" covered="3"/><counter type="LINE" missed="0" covered="1"/><counter type="COMPLEXITY" missed="0" covered="1"/><counter type="METHOD" missed="0" covered="1"/></method><method name="setId" desc="(Ljava/lang/Object;)V" line="28"><counter type="INSTRUCTION" missed="0" covered="7"/><counter type="LINE" missed="0" covered="3"/><counter type="COMPLEXITY" missed="0" covered="1"/><counter type="METHOD" missed="0" covered="1"/></method><method name="equals" desc="(Ljava/lang/Object;)Z" line="34"><counter type="INSTRUCTION" missed="23" covered="0"/><counter type="BRANCH" missed="6" covered="0"/><counter type="LINE" missed="4" covered="0"/><counter type="COMPLEXITY" missed="4" covered="0"/><counter type="METHOD" missed="1" covered="0"/></method><method name="hashCode" desc="()I" line="44"><counter type="INSTRUCTION" missed="9" covered="0"/><counter type="BRANCH" missed="2" covered="0"/><counter type="LINE" missed="1" covered="0"/><counter type="COMPLEXITY" missed="2" covered="0"/><counter type="METHOD" missed="1" covered="0"/></method><counter type="INSTRUCTION" missed="35" covered="16"/><counter type="BRANCH" missed="8" covered="0"/><counter type="LINE" missed="6" covered="7"/><counter type="COMPLEXITY" missed="7" covered="3"/><counter type="METHOD" missed="3" covered="3"/><counter type="CLASS" missed="0" covered="1"/></class><sourcefile name="AbstractModel.java"><line nr="16" mi="3" ci="0" mb="0" cb="0"/><line nr="18" mi="0" ci="2" mb="0" cb="0"/><line nr="19" mi="0" ci="3" mb="0" cb="0"/><line nr="20" mi="0" ci="1" mb="0" cb="0"/><line nr="24" mi="0" ci="3" mb="0" cb="0"/><line nr="28" mi="0" ci="3" mb="0" cb="0"/><line nr="29" mi="0" ci="3" mb="0" cb="0"/><line nr="30" mi="0" ci="1" mb="0" cb="0"/><line nr="34" mi="5" ci="0" mb="2" cb="0"/><line nr="35" mi="9" ci="0" mb="4" cb="0"/><line nr="37" mi="3" ci="0" mb="0" cb="0"/><line nr="39" mi="6" ci="0" mb="0" cb="0"/><line nr="44" mi="9" ci="0" mb="2" cb="0"/><counter type="INSTRUCTION" missed="35" covered="16"/><counter type="BRANCH" missed="8" covered="0"/><counter type="LINE" missed="6" covered="7"/><counter type="COMPLEXITY" missed="7" covered="3"/><counter type="METHOD" missed="3" covered="3"/><counter type="CLASS" missed="0" covered="1"/></sourcefile><counter type="INSTRUCTION" missed="35" covered="16"/><counter type="BRANCH" missed="8" covered="0"/><counter type="LINE" missed="6" covered="7"/><counter type="COMPLEXITY" missed="7" covered="3"/><counter type="METHOD" missed="3" covered="3"/><counter type="CLASS" missed="0" covered="1"/></package><counter type="INSTRUCTION" missed="35" covered="16"/><counter type="BRANCH" missed="8" covered="0"/><counter type="LINE" missed="6" covered="7"/><counter type="COMPLEXITY" missed="7" covered="3"/><counter type="METHOD" missed="3" covered="3"/><counter type="CLASS" missed="0" covered="1"/></report>