<?xml version="1.0" encoding="UTF-8"?>
<testsuite xmlns:xsi="http://www.w3.org/2001/XMLSchema-instance" xsi:noNamespaceSchemaLocation="https://maven.apache.org/surefire/maven-surefire-plugin/xsd/surefire-test-report-3.0.xsd" version="3.0" name="org.simonworks.projects.context.WebPathIteratorTest" time="0.052" tests="5" errors="0" skipped="0" failures="0">
  <properties>
[...]
</properties>
  <testcase name="testSimplePath" classname="org.simonworks.projects.context.WebPathIteratorTest" time="0.037"/>
  <testcase name="testEmptyStringThanError" classname="org.simonworks.projects.context.WebPathIteratorTest" time="0.002"/>
  <testcase name="testTwoItems" classname="org.simonworks.projects.context.WebPathIteratorTest" time="0.001"/>
  <testcase name="testOneItem" classname="org.simonworks.projects.context.WebPathIteratorTest" time="0.001"/>
  <testcase name="testOneItemAndVariable" classname="org.simonworks.projects.context.WebPathIteratorTest" time="0.001"/>
</testsuite>