<?xml version="1.0" encoding="UTF-8"?>
<testsuite xmlns:xsi="http://www.w3.org/2001/XMLSchema-instance" xsi:noNamespaceSchemaLocation="https://maven.apache.org/surefire/maven-surefire-plugin/xsd/surefire-test-report-3.0.xsd" version="3.0" name="org.simonworks.projects.context.AbstractBeanContextTest" time="1.023" tests="7" errors="0" skipped="0" failures="0">
  <properties>
[...]
</properties>
  <testcase name="getBean" classname="org.simonworks.projects.context.AbstractBeanContextTest" time="0.054"/>
  <testcase name="get" classname="org.simonworks.projects.context.AbstractBeanContextTest" time="0.019"/>
  <testcase name="getBeanFactory" classname="org.simonworks.projects.context.AbstractBeanContextTest" time="0.002"/>
  <testcase name="getBeanRegistry" classname="org.simonworks.projects.context.AbstractBeanContextTest" time="0.001"/>
  <testcase name="getsetName" classname="org.simonworks.projects.context.AbstractBeanContextTest" time="0.038"/>
  <testcase name="getSingletonsCache" classname="org.simonworks.projects.context.AbstractBeanContextTest" time="0.001"/>
  <testcase name="getsetId" classname="org.simonworks.projects.context.AbstractBeanContextTest" time="0.001"/>
</testsuite>